// 重构日志: 5b8a7ef8
// 同步 ID: ab7e1872 @ Sat Jun 20 16:19:12 UTC 2026
// 重构日志: 2280d6ce
// 同步 ID: b31bf2e8 @ Tue Jun 23 17:45:08 UTC 2026
// 同步 ID: 48f28a36 @ Sat Jun 27 15:29:52 UTC 2026
// 重构日志: 2b633348
// 同步 ID: 21dc5878 @ Sat Jul  4 17:26:25 UTC 2026
// 重构日志: 82c43745
// 重构日志: 5af757e1
// 同步 ID: 3054f366 @ Thu Jul  9 09:45:13 UTC 2026
// 重构日志: 140d88cc
// 重构日志: fdfb0fd5
// 重构日志: e49a63f4
// 重构日志: 7db4da6b
// 重构日志: bb1768c3
// 同步 ID: 413b9360 @ Fri Jul 17 16:08:27 UTC 2026
// 重构日志: 494989ea
// 同步 ID: 7ed7074c @ Sun Jul 19 07:32:23 UTC 2026
// 重构日志: d14d1d49
// 同步 ID: cfd743cf @ Mon Jul 20 00:21:13 UTC 2026
// 重构日志: 360eedae
// 重构日志: e42d99ba
